-------------------------------------------------------------------------------
Test set: com.examly.springapp.SpringappApplicationTests
-------------------------------------------------------------------------------
Tests run: 10, Failures: 2, Errors: 6, Skipped: 0, Time elapsed: 7.299 s <<< FAILURE! - in com.examly.springapp.SpringappApplicationTests
testGetGiftById  Time elapsed: 0.163 s  <<< ERROR!
org.springframework.web.util.NestedServletException: Request processing failed; nested exception is java.lang.IllegalStateException: Ambiguous handler methods mapped for '/admin/gift': {public com.examly.springapp.model.GiftModel com.examly.springapp.controller.GiftController.getGift(java.lang.Integer), public com.examly.springapp.model.ThemeModel com.examly.springapp.controller.ThemeController.getTheme(java.lang.Integer)}
	at com.examly.springapp.SpringappApplicationTests.testGetGiftById(SpringappApplicationTests.java:77)
Caused by: java.lang.IllegalStateException: Ambiguous handler methods mapped for '/admin/gift': {public com.examly.springapp.model.GiftModel com.examly.springapp.controller.GiftController.getGift(java.lang.Integer), public com.examly.springapp.model.ThemeModel com.examly.springapp.controller.ThemeController.getTheme(java.lang.Integer)}
	at com.examly.springapp.SpringappApplicationTests.testGetGiftById(SpringappApplicationTests.java:77)

testGetThemeAll  Time elapsed: 0.002 s  <<< ERROR!
org.springframework.web.util.NestedServletException: Request processing failed; nested exception is java.lang.IllegalStateException: Ambiguous handler methods mapped for '/admin/theme': {public com.examly.springapp.model.GiftModel com.examly.springapp.controller.GiftController.getGift(java.lang.Integer), public com.examly.springapp.model.ThemeModel com.examly.springapp.controller.ThemeController.getTheme(java.lang.Integer)}
	at com.examly.springapp.SpringappApplicationTests.testGetThemeAll(SpringappApplicationTests.java:53)
Caused by: java.lang.IllegalStateException: Ambiguous handler methods mapped for '/admin/theme': {public com.examly.springapp.model.GiftModel com.examly.springapp.controller.GiftController.getGift(java.lang.Integer), public com.examly.springapp.model.ThemeModel com.examly.springapp.controller.ThemeController.getTheme(java.lang.Integer)}
	at com.examly.springapp.SpringappApplicationTests.testGetThemeAll(SpringappApplicationTests.java:53)

testGetOrderAll  Time elapsed: 0.004 s  <<< ERROR!
org.springframework.web.util.NestedServletException: Request processing failed; nested exception is java.lang.IllegalStateException: Ambiguous handler methods mapped for '/admin/order': {public com.examly.springapp.model.GiftModel com.examly.springapp.controller.GiftController.getGift(java.lang.Integer), public com.examly.springapp.model.ThemeModel com.examly.springapp.controller.ThemeController.getTheme(java.lang.Integer)}
	at com.examly.springapp.SpringappApplicationTests.testGetOrderAll(SpringappApplicationTests.java:31)
Caused by: java.lang.IllegalStateException: Ambiguous handler methods mapped for '/admin/order': {public com.examly.springapp.model.GiftModel com.examly.springapp.controller.GiftController.getGift(java.lang.Integer), public com.examly.springapp.model.ThemeModel com.examly.springapp.controller.ThemeController.getTheme(java.lang.Integer)}
	at com.examly.springapp.SpringappApplicationTests.testGetOrderAll(SpringappApplicationTests.java:31)

testGetGiftAll  Time elapsed: 0.004 s  <<< ERROR!
org.springframework.web.util.NestedServletException: Request processing failed; nested exception is java.lang.IllegalStateException: Ambiguous handler methods mapped for '/admin/gift': {public com.examly.springapp.model.GiftModel com.examly.springapp.controller.GiftController.getGift(java.lang.Integer), public com.examly.springapp.model.ThemeModel com.examly.springapp.controller.ThemeController.getTheme(java.lang.Integer)}
	at com.examly.springapp.SpringappApplicationTests.testGetGiftAll(SpringappApplicationTests.java:88)
Caused by: java.lang.IllegalStateException: Ambiguous handler methods mapped for '/admin/gift': {public com.examly.springapp.model.GiftModel com.examly.springapp.controller.GiftController.getGift(java.lang.Integer), public com.examly.springapp.model.ThemeModel com.examly.springapp.controller.ThemeController.getTheme(java.lang.Integer)}
	at com.examly.springapp.SpringappApplicationTests.testGetGiftAll(SpringappApplicationTests.java:88)

testGetOrderById  Time elapsed: 0.003 s  <<< ERROR!
org.springframework.web.util.NestedServletException: Request processing failed; nested exception is java.lang.IllegalStateException: Ambiguous handler methods mapped for '/admin/order': {public com.examly.springapp.model.GiftModel com.examly.springapp.controller.GiftController.getGift(java.lang.Integer), public com.examly.springapp.model.ThemeModel com.examly.springapp.controller.ThemeController.getTheme(java.lang.Integer)}
	at com.examly.springapp.SpringappApplicationTests.testGetOrderById(SpringappApplicationTests.java:42)
Caused by: java.lang.IllegalStateException: Ambiguous handler methods mapped for '/admin/order': {public com.examly.springapp.model.GiftModel com.examly.springapp.controller.GiftController.getGift(java.lang.Integer), public com.examly.springapp.model.ThemeModel com.examly.springapp.controller.ThemeController.getTheme(java.lang.Integer)}
	at com.examly.springapp.SpringappApplicationTests.testGetOrderById(SpringappApplicationTests.java:42)

testGetThemeById  Time elapsed: 0.002 s  <<< ERROR!
org.springframework.web.util.NestedServletException: Request processing failed; nested exception is java.lang.IllegalStateException: Ambiguous handler methods mapped for '/admin/theme': {public com.examly.springapp.model.GiftModel com.examly.springapp.controller.GiftController.getGift(java.lang.Integer), public com.examly.springapp.model.ThemeModel com.examly.springapp.controller.ThemeController.getTheme(java.lang.Integer)}
	at com.examly.springapp.SpringappApplicationTests.testGetThemeById(SpringappApplicationTests.java:65)
Caused by: java.lang.IllegalStateException: Ambiguous handler methods mapped for '/admin/theme': {public com.examly.springapp.model.GiftModel com.examly.springapp.controller.GiftController.getGift(java.lang.Integer), public com.examly.springapp.model.ThemeModel com.examly.springapp.controller.ThemeController.getTheme(java.lang.Integer)}
	at com.examly.springapp.SpringappApplicationTests.testGetThemeById(SpringappApplicationTests.java:65)

test_case2  Time elapsed: 0.002 s  <<< FAILURE!
java.lang.AssertionError
	at com.examly.springapp.SpringappApplicationTests.test_case2(SpringappApplicationTests.java:108)

test_case4  Time elapsed: 0.002 s  <<< FAILURE!
java.lang.AssertionError
	at com.examly.springapp.SpringappApplicationTests.test_case4(SpringappApplicationTests.java:124)

