-------------------------------------------------------------------------------
Test set: com.examly.springapp.SpringappApplicationTests
-------------------------------------------------------------------------------
Tests run: 10, Failures: 8, Errors: 0, Skipped: 0, Time elapsed: 5.588 s <<< FAILURE! - in com.examly.springapp.SpringappApplicationTests
testGetGiftById  Time elapsed: 0.19 s  <<< FAILURE!
java.lang.AssertionError: Content type not set
	at com.examly.springapp.SpringappApplicationTests.testGetGiftById(SpringappApplicationTests.java:80)

testGetThemeAll  Time elapsed: 0.01 s  <<< FAILURE!
java.lang.AssertionError: Status expected:<200> but was:<400>
	at com.examly.springapp.SpringappApplicationTests.testGetThemeAll(SpringappApplicationTests.java:54)

testGetOrderAll  Time elapsed: 0.006 s  <<< FAILURE!
java.lang.AssertionError: Status expected:<200> but was:<400>
	at com.examly.springapp.SpringappApplicationTests.testGetOrderAll(SpringappApplicationTests.java:32)

testGetGiftAll  Time elapsed: 0.07 s  <<< FAILURE!
java.lang.AssertionError: Status expected:<200> but was:<400>
	at com.examly.springapp.SpringappApplicationTests.testGetGiftAll(SpringappApplicationTests.java:89)

testGetOrderById  Time elapsed: 0.006 s  <<< FAILURE!
java.lang.AssertionError: Status expected:<200> but was:<400>
	at com.examly.springapp.SpringappApplicationTests.testGetOrderById(SpringappApplicationTests.java:43)

testGetThemeById  Time elapsed: 0.005 s  <<< FAILURE!
java.lang.AssertionError: Status expected:<200> but was:<400>
	at com.examly.springapp.SpringappApplicationTests.testGetThemeById(SpringappApplicationTests.java:66)

test_case2  Time elapsed: 0.002 s  <<< FAILURE!
java.lang.AssertionError
	at com.examly.springapp.SpringappApplicationTests.test_case2(SpringappApplicationTests.java:108)

test_case4  Time elapsed: 0.002 s  <<< FAILURE!
java.lang.AssertionError
	at com.examly.springapp.SpringappApplicationTests.test_case4(SpringappApplicationTests.java:124)

