-------------------------------------------------------------------------------
Test set: com.examly.springapp.SpringappApplicationTests
-------------------------------------------------------------------------------
Tests run: 10, Failures: 1, Errors: 0, Skipped: 0, Time elapsed: 6.812 s <<< FAILURE! - in com.examly.springapp.SpringappApplicationTests
test_case4  Time elapsed: 0.007 s  <<< FAILURE!
java.lang.AssertionError
	at com.examly.springapp.SpringappApplicationTests.test_case4(SpringappApplicationTests.java:124)

