-------------------------------------------------------------------------------
Test set: com.examly.springapp.SpringappApplicationTests
-------------------------------------------------------------------------------
Tests run: 10, Failures: 0, Errors: 10, Skipped: 0, Time elapsed: 9.416 s <<< FAILURE! - in com.examly.springapp.SpringappApplicationTests
testGetGiftById  Time elapsed: 0.054 s  <<< ERROR!
java.lang.IllegalStateException: Failed to load ApplicationContext
Caused by: org.springframework.beans.factory.BeanCreationException: 
Error creating bean with name 'requestMappingHandlerMapping' defined in class path resource [org/springframework/boot/autoconfigure/web/servlet/WebMvcAutoConfiguration$EnableWebMvcConfiguration.class]: Invocation of init method failed; nested exception is java.lang.IllegalStateException: Ambiguous mapping. Cannot map 'themeController' method 
com.examly.springapp.controller.ThemeController#getThemes()
to {GET [/admin/theme]}: There is already 'themeController' bean method
com.examly.springapp.controller.ThemeController#getTheme(String) mapped.
Caused by: java.lang.IllegalStateException: 
Ambiguous mapping. Cannot map 'themeController' method 
com.examly.springapp.controller.ThemeController#getThemes()
to {GET [/admin/theme]}: There is already 'themeController' bean method
com.examly.springapp.controller.ThemeController#getTheme(String) mapped.

testGetThemeAll  Time elapsed: 0 s  <<< ERROR!
java.lang.IllegalStateException: Failed to load ApplicationContext
Caused by: org.springframework.beans.factory.BeanCreationException: 
Error creating bean with name 'requestMappingHandlerMapping' defined in class path resource [org/springframework/boot/autoconfigure/web/servlet/WebMvcAutoConfiguration$EnableWebMvcConfiguration.class]: Invocation of init method failed; nested exception is java.lang.IllegalStateException: Ambiguous mapping. Cannot map 'themeController' method 
com.examly.springapp.controller.ThemeController#getThemes()
to {GET [/admin/theme]}: There is already 'themeController' bean method
com.examly.springapp.controller.ThemeController#getTheme(String) mapped.
Caused by: java.lang.IllegalStateException: 
Ambiguous mapping. Cannot map 'themeController' method 
com.examly.springapp.controller.ThemeController#getThemes()
to {GET [/admin/theme]}: There is already 'themeController' bean method
com.examly.springapp.controller.ThemeController#getTheme(String) mapped.

testGetOrderAll  Time elapsed: 0 s  <<< ERROR!
java.lang.IllegalStateException: Failed to load ApplicationContext
Caused by: org.springframework.beans.factory.BeanCreationException: 
Error creating bean with name 'requestMappingHandlerMapping' defined in class path resource [org/springframework/boot/autoconfigure/web/servlet/WebMvcAutoConfiguration$EnableWebMvcConfiguration.class]: Invocation of init method failed; nested exception is java.lang.IllegalStateException: Ambiguous mapping. Cannot map 'themeController' method 
com.examly.springapp.controller.ThemeController#getThemes()
to {GET [/admin/theme]}: There is already 'themeController' bean method
com.examly.springapp.controller.ThemeController#getTheme(String) mapped.
Caused by: java.lang.IllegalStateException: 
Ambiguous mapping. Cannot map 'themeController' method 
com.examly.springapp.controller.ThemeController#getThemes()
to {GET [/admin/theme]}: There is already 'themeController' bean method
com.examly.springapp.controller.ThemeController#getTheme(String) mapped.

testGetGiftAll  Time elapsed: 0 s  <<< ERROR!
java.lang.IllegalStateException: Failed to load ApplicationContext
Caused by: org.springframework.beans.factory.BeanCreationException: 
Error creating bean with name 'requestMappingHandlerMapping' defined in class path resource [org/springframework/boot/autoconfigure/web/servlet/WebMvcAutoConfiguration$EnableWebMvcConfiguration.class]: Invocation of init method failed; nested exception is java.lang.IllegalStateException: Ambiguous mapping. Cannot map 'themeController' method 
com.examly.springapp.controller.ThemeController#getThemes()
to {GET [/admin/theme]}: There is already 'themeController' bean method
com.examly.springapp.controller.ThemeController#getTheme(String) mapped.
Caused by: java.lang.IllegalStateException: 
Ambiguous mapping. Cannot map 'themeController' method 
com.examly.springapp.controller.ThemeController#getThemes()
to {GET [/admin/theme]}: There is already 'themeController' bean method
com.examly.springapp.controller.ThemeController#getTheme(String) mapped.

testGetOrderById  Time elapsed: 0 s  <<< ERROR!
java.lang.IllegalStateException: Failed to load ApplicationContext
Caused by: org.springframework.beans.factory.BeanCreationException: 
Error creating bean with name 'requestMappingHandlerMapping' defined in class path resource [org/springframework/boot/autoconfigure/web/servlet/WebMvcAutoConfiguration$EnableWebMvcConfiguration.class]: Invocation of init method failed; nested exception is java.lang.IllegalStateException: Ambiguous mapping. Cannot map 'themeController' method 
com.examly.springapp.controller.ThemeController#getThemes()
to {GET [/admin/theme]}: There is already 'themeController' bean method
com.examly.springapp.controller.ThemeController#getTheme(String) mapped.
Caused by: java.lang.IllegalStateException: 
Ambiguous mapping. Cannot map 'themeController' method 
com.examly.springapp.controller.ThemeController#getThemes()
to {GET [/admin/theme]}: There is already 'themeController' bean method
com.examly.springapp.controller.ThemeController#getTheme(String) mapped.

testGetThemeById  Time elapsed: 0 s  <<< ERROR!
java.lang.IllegalStateException: Failed to load ApplicationContext
Caused by: org.springframework.beans.factory.BeanCreationException: 
Error creating bean with name 'requestMappingHandlerMapping' defined in class path resource [org/springframework/boot/autoconfigure/web/servlet/WebMvcAutoConfiguration$EnableWebMvcConfiguration.class]: Invocation of init method failed; nested exception is java.lang.IllegalStateException: Ambiguous mapping. Cannot map 'themeController' method 
com.examly.springapp.controller.ThemeController#getThemes()
to {GET [/admin/theme]}: There is already 'themeController' bean method
com.examly.springapp.controller.ThemeController#getTheme(String) mapped.
Caused by: java.lang.IllegalStateException: 
Ambiguous mapping. Cannot map 'themeController' method 
com.examly.springapp.controller.ThemeController#getThemes()
to {GET [/admin/theme]}: There is already 'themeController' bean method
com.examly.springapp.controller.ThemeController#getTheme(String) mapped.

test_case1  Time elapsed: 0 s  <<< ERROR!
java.lang.IllegalStateException: Failed to load ApplicationContext
Caused by: org.springframework.beans.factory.BeanCreationException: 
Error creating bean with name 'requestMappingHandlerMapping' defined in class path resource [org/springframework/boot/autoconfigure/web/servlet/WebMvcAutoConfiguration$EnableWebMvcConfiguration.class]: Invocation of init method failed; nested exception is java.lang.IllegalStateException: Ambiguous mapping. Cannot map 'themeController' method 
com.examly.springapp.controller.ThemeController#getThemes()
to {GET [/admin/theme]}: There is already 'themeController' bean method
com.examly.springapp.controller.ThemeController#getTheme(String) mapped.
Caused by: java.lang.IllegalStateException: 
Ambiguous mapping. Cannot map 'themeController' method 
com.examly.springapp.controller.ThemeController#getThemes()
to {GET [/admin/theme]}: There is already 'themeController' bean method
com.examly.springapp.controller.ThemeController#getTheme(String) mapped.

test_case2  Time elapsed: 0 s  <<< ERROR!
java.lang.IllegalStateException: Failed to load ApplicationContext
Caused by: org.springframework.beans.factory.BeanCreationException: 
Error creating bean with name 'requestMappingHandlerMapping' defined in class path resource [org/springframework/boot/autoconfigure/web/servlet/WebMvcAutoConfiguration$EnableWebMvcConfiguration.class]: Invocation of init method failed; nested exception is java.lang.IllegalStateException: Ambiguous mapping. Cannot map 'themeController' method 
com.examly.springapp.controller.ThemeController#getThemes()
to {GET [/admin/theme]}: There is already 'themeController' bean method
com.examly.springapp.controller.ThemeController#getTheme(String) mapped.
Caused by: java.lang.IllegalStateException: 
Ambiguous mapping. Cannot map 'themeController' method 
com.examly.springapp.controller.ThemeController#getThemes()
to {GET [/admin/theme]}: There is already 'themeController' bean method
com.examly.springapp.controller.ThemeController#getTheme(String) mapped.

test_case3  Time elapsed: 0 s  <<< ERROR!
java.lang.IllegalStateException: Failed to load ApplicationContext
Caused by: org.springframework.beans.factory.BeanCreationException: 
Error creating bean with name 'requestMappingHandlerMapping' defined in class path resource [org/springframework/boot/autoconfigure/web/servlet/WebMvcAutoConfiguration$EnableWebMvcConfiguration.class]: Invocation of init method failed; nested exception is java.lang.IllegalStateException: Ambiguous mapping. Cannot map 'themeController' method 
com.examly.springapp.controller.ThemeController#getThemes()
to {GET [/admin/theme]}: There is already 'themeController' bean method
com.examly.springapp.controller.ThemeController#getTheme(String) mapped.
Caused by: java.lang.IllegalStateException: 
Ambiguous mapping. Cannot map 'themeController' method 
com.examly.springapp.controller.ThemeController#getThemes()
to {GET [/admin/theme]}: There is already 'themeController' bean method
com.examly.springapp.controller.ThemeController#getTheme(String) mapped.

test_case4  Time elapsed: 0 s  <<< ERROR!
java.lang.IllegalStateException: Failed to load ApplicationContext
Caused by: org.springframework.beans.factory.BeanCreationException: 
Error creating bean with name 'requestMappingHandlerMapping' defined in class path resource [org/springframework/boot/autoconfigure/web/servlet/WebMvcAutoConfiguration$EnableWebMvcConfiguration.class]: Invocation of init method failed; nested exception is java.lang.IllegalStateException: Ambiguous mapping. Cannot map 'themeController' method 
com.examly.springapp.controller.ThemeController#getThemes()
to {GET [/admin/theme]}: There is already 'themeController' bean method
com.examly.springapp.controller.ThemeController#getTheme(String) mapped.
Caused by: java.lang.IllegalStateException: 
Ambiguous mapping. Cannot map 'themeController' method 
com.examly.springapp.controller.ThemeController#getThemes()
to {GET [/admin/theme]}: There is already 'themeController' bean method
com.examly.springapp.controller.ThemeController#getTheme(String) mapped.

