<?xml version="1.0" encoding="UTF-8"?>
<testsuite xmlns:xsi="http://www.w3.org/2001/XMLSchema-instance" xsi:noNamespaceSchemaLocation="https://maven.apache.org/surefire/maven-surefire-plugin/xsd/surefire-test-report.xsd" name="com.examly.springapp.SpringappApplicationTests" time="7.299" tests="10" errors="6" skipped="0" failures="2">
  <properties>
[...]
</properties>
  <testcase name="testGetGiftById" classname="com.examly.springapp.SpringappApplicationTests" time="0.163">
    <error message="Request processing failed; nested exception is java.lang.IllegalStateException: Ambiguous handler methods mapped for &apos;/admin/gift&apos;: {public com.examly.springapp.model.GiftModel com.examly.springapp.controller.GiftController.getGift(java.lang.Integer), public com.examly.springapp.model.ThemeModel com.examly.springapp.controller.ThemeController.getTheme(java.lang.Integer)}" type="org.springframework.web.util.NestedServletException">org.springframework.web.util.NestedServletException: Request processing failed; nested exception is java.lang.IllegalStateException: Ambiguous handler methods mapped for '/admin/gift': {public com.examly.springapp.model.GiftModel com.examly.springapp.controller.GiftController.getGift(java.lang.Integer), public com.examly.springapp.model.ThemeModel com.examly.springapp.controller.ThemeController.getTheme(java.lang.Integer)}
	at com.examly.springapp.SpringappApplicationTests.testGetGiftById(SpringappApplicationTests.java:77)
Caused by: java.lang.IllegalStateException: Ambiguous handler methods mapped for '/admin/gift': {public com.examly.springapp.model.GiftModel com.examly.springapp.controller.GiftController.getGift(java.lang.Integer), public com.examly.springapp.model.ThemeModel com.examly.springapp.controller.ThemeController.getTheme(java.lang.Integer)}
	at com.examly.springapp.SpringappApplicationTests.testGetGiftById(SpringappApplicationTests.java:77)
</error>
    <system-out><![CDATA[13:57:44.913 [main] DEBUG org.springframework.test.context.BootstrapUtils - Instantiating CacheAwareContextLoaderDelegate from class [org.springframework.test.context.cache.DefaultCacheAwareContextLoaderDelegate]
13:57:44.996 [main] DEBUG org.springframework.test.context.BootstrapUtils - Instantiating BootstrapContext using constructor [public org.springframework.test.context.support.DefaultBootstrapContext(java.lang.Class,org.springframework.test.context.CacheAwareContextLoaderDelegate)]
13:57:45.083 [main] DEBUG org.springframework.test.context.BootstrapUtils - Instantiating TestContextBootstrapper for test class [com.examly.springapp.SpringappApplicationTests] from class [org.springframework.boot.test.context.SpringBootTestContextBootstrapper]
13:57:45.099 [main] INFO org.springframework.boot.test.context.SpringBootTestContextBootstrapper - Neither @ContextConfiguration nor @ContextHierarchy found for test class [com.examly.springapp.SpringappApplicationTests], using SpringBootContextLoader
13:57:45.102 [main] DEBUG org.springframework.test.context.support.AbstractContextLoader - Did not detect default resource location for test class [com.examly.springapp.SpringappApplicationTests]: class path resource [com/examly/springapp/SpringappApplicationTests-context.xml] does not exist
13:57:45.103 [main] DEBUG org.springframework.test.context.support.AbstractContextLoader - Did not detect default resource location for test class [com.examly.springapp.SpringappApplicationTests]: class path resource [com/examly/springapp/SpringappApplicationTestsContext.groovy] does not exist
13:57:45.103 [main] INFO org.springframework.test.context.support.AbstractContextLoader - Could not detect default resource locations for test class [com.examly.springapp.SpringappApplicationTests]: no resource found for suffixes {-context.xml, Context.groovy}.
13:57:45.220 [main] DEBUG org.springframework.test.context.support.ActiveProfilesUtils - Could not find an 'annotation declaring class' for annotation type [org.springframework.test.context.ActiveProfiles] and class [com.examly.springapp.SpringappApplicationTests]
13:57:45.405 [main] DEBUG org.springframework.boot.test.context.SpringBootTestContextBootstrapper - @TestExecutionListeners is not present for class [com.examly.springapp.SpringappApplicationTests]: using defaults.
13:57:45.405 [main] INFO org.springframework.boot.test.context.SpringBootTestContextBootstrapper - Loaded default TestExecutionListener class names from location [META-INF/spring.factories]: [org.springframework.boot.test.mock.mockito.MockitoTestExecutionListener, org.springframework.boot.test.mock.mockito.ResetMocksTestExecutionListener, org.springframework.boot.test.autoconfigure.restdocs.RestDocsTestExecutionListener, org.springframework.boot.test.autoconfigure.web.client.MockRestServiceServerResetTestExecutionListener, org.springframework.boot.test.autoconfigure.web.servlet.MockMvcPrintOnlyOnFailureTestExecutionListener, org.springframework.boot.test.autoconfigure.web.servlet.WebDriverTestExecutionListener, org.springframework.boot.test.autoconfigure.webservices.client.MockWebServiceServerTestExecutionListener, org.springframework.test.context.web.ServletTestExecutionListener, org.springframework.test.context.support.DirtiesContextBeforeModesTestExecutionListener, org.springframework.test.context.event.ApplicationEventsTestExecutionListener, org.springframework.test.context.support.DependencyInjectionTestExecutionListener, org.springframework.test.context.support.DirtiesContextTestExecutionListener, org.springframework.test.context.transaction.TransactionalTestExecutionListener, org.springframework.test.context.jdbc.SqlScriptsTestExecutionListener, org.springframework.test.context.event.EventPublishingTestExecutionListener]
13:57:45.485 [main] INFO org.springframework.boot.test.context.SpringBootTestContextBootstrapper - Using TestExecutionListeners: [org.springframework.test.context.web.ServletTestExecutionListener@488d1cd7, org.springframework.test.context.support.DirtiesContextBeforeModesTestExecutionListener@68dc098b, org.springframework.test.context.event.ApplicationEventsTestExecutionListener@38ba6ce3, org.springframework.boot.test.mock.mockito.MockitoTestExecutionListener@d278d2b, org.springframework.boot.test.autoconfigure.SpringBootDependencyInjectionTestExecutionListener@2d6c53fc, org.springframework.test.context.support.DirtiesContextTestExecutionListener@25f4878b, org.springframework.test.context.transaction.TransactionalTestExecutionListener@4e423aa2, org.springframework.test.context.jdbc.SqlScriptsTestExecutionListener@7fbdb894, org.springframework.test.context.event.EventPublishingTestExecutionListener@3081f72c, org.springframework.boot.test.mock.mockito.ResetMocksTestExecutionListener@3148f668, org.springframework.boot.test.autoconfigure.restdocs.RestDocsTestExecutionListener@6e005dc9, org.springframework.boot.test.autoconfigure.web.client.MockRestServiceServerResetTestExecutionListener@7ceb3185, org.springframework.boot.test.autoconfigure.web.servlet.MockMvcPrintOnlyOnFailureTestExecutionListener@436c81a3, org.springframework.boot.test.autoconfigure.web.servlet.WebDriverTestExecutionListener@3561c410, org.springframework.boot.test.autoconfigure.webservices.client.MockWebServiceServerTestExecutionListener@59e32960]
13:57:45.489 [main] DEBUG org.springframework.test.context.support.AbstractDirtiesContextTestExecutionListener - Before test class: context [DefaultTestContext@59e505b2 testClass = SpringappApplicationTests, testInstance = [null], testMethod = [null], testException = [null], mergedContextConfiguration = [WebMergedContextConfiguration@3af0a9da testClass = SpringappApplicationTests, locations = '{}', classes = '{class com.examly.springapp.SpringappApplication}', contextInitializerClasses = '[]', activeProfiles = '{}', propertySourceLocations = '{}', propertySourceProperties = '{org.springframework.boot.test.context.SpringBootTestContextBootstrapper=true}', contextCustomizers = set[[ImportsContextCustomizer@43b9fd5 key = [org.springframework.boot.test.autoconfigure.web.servlet.MockMvcAutoConfiguration, org.springframework.boot.test.autoconfigure.web.servlet.MockMvcWebClientAutoConfiguration, org.springframework.boot.test.autoconfigure.web.servlet.MockMvcWebDriverAutoConfiguration, org.springframework.boot.autoconfigure.security.oauth2.client.servlet.OAuth2ClientAutoConfiguration, org.springframework.boot.autoconfigure.security.oauth2.resource.servlet.OAuth2ResourceServerAutoConfiguration, org.springframework.boot.autoconfigure.security.servlet.SecurityAutoConfiguration, org.springframework.boot.autoconfigure.security.servlet.SecurityFilterAutoConfiguration, org.springframework.boot.autoconfigure.security.servlet.UserDetailsServiceAutoConfiguration, org.springframework.boot.test.autoconfigure.web.servlet.MockMvcSecurityConfiguration, org.springframework.boot.test.autoconfigure.web.reactive.WebTestClientAutoConfiguration]], org.springframework.boot.test.context.filter.ExcludeFilterContextCustomizer@437da279, org.springframework.boot.test.json.DuplicateJsonObjectContextCustomizerFactory$DuplicateJsonObjectContextCustomizer@290222c1, org.springframework.boot.test.mock.mockito.MockitoContextCustomizer@0, org.springframework.boot.test.web.client.TestRestTemplateContextCustomizer@59505b48, org.springframework.boot.test.autoconfigure.actuate.metrics.MetricsExportContextCustomizerFactory$DisableMetricExportContextCustomizer@52b1beb6, org.springframework.boot.test.autoconfigure.properties.PropertyMappingContextCustomizer@4b3fa0b3, org.springframework.boot.test.autoconfigure.web.servlet.WebDriverContextCustomizerFactory$Customizer@6221a451, org.springframework.boot.test.context.SpringBootTestArgs@1, org.springframework.boot.test.context.SpringBootTestWebEnvironment@7a187f14], resourceBasePath = 'src/main/webapp', contextLoader = 'org.springframework.boot.test.context.SpringBootContextLoader', parent = [null]], attributes = map['org.springframework.test.context.web.ServletTestExecutionListener.activateListener' -> true]], class annotated with @DirtiesContext [false] with mode [null].

  .   ____          _            __ _ _
 /\\ / ___'_ __ _ _(_)_ __  __ _ \ \ \ \
( ( )\___ | '_ | '_| | '_ \/ _` | \ \ \ \
 \\/  ___)| |_)| | | | | || (_| |  ) ) ) )
  '  |____| .__|_| |_|_| |_\__, | / / / /
 =========|_|==============|___/=/_/_/_/
 :: Spring Boot ::               (v2.7.10)

2023-09-14 13:57:46.217  INFO 80012 --- [           main] c.e.springapp.SpringappApplicationTests  : Starting SpringappApplicationTests using Java 11.0.18 on fcedddbcdbbadadedffcecddbaaecadafbad-0 with PID 80012 (started by coder in /home/coder/project/workspace/springapp)
2023-09-14 13:57:46.219  INFO 80012 --- [           main] c.e.springapp.SpringappApplicationTests  : No active profile set, falling back to 1 default profile: "default"
2023-09-14 13:57:47.186  INFO 80012 --- [           main] .s.d.r.c.RepositoryConfigurationDelegate : Bootstrapping Spring Data JPA repositories in DEFAULT mode.
2023-09-14 13:57:47.236  INFO 80012 --- [           main] .s.d.r.c.RepositoryConfigurationDelegate : Finished Spring Data repository scanning in 41 ms. Found 4 JPA repository interfaces.
2023-09-14 13:57:47.869  INFO 80012 --- [           main] o.hibernate.jpa.internal.util.LogHelper  : HHH000204: Processing PersistenceUnitInfo [name: default]
2023-09-14 13:57:47.947  INFO 80012 --- [           main] org.hibernate.Version                    : HHH000412: Hibernate ORM core version 5.6.15.Final
2023-09-14 13:57:48.154  INFO 80012 --- [           main] o.hibernate.annotations.common.Version   : HCANN000001: Hibernate Commons Annotations {5.1.2.Final}
2023-09-14 13:57:48.265  INFO 80012 --- [           main] com.zaxxer.hikari.HikariDataSource       : HikariPool-1 - Starting...
2023-09-14 13:57:48.428  INFO 80012 --- [           main] com.zaxxer.hikari.HikariDataSource       : HikariPool-1 - Start completed.
2023-09-14 13:57:48.492  INFO 80012 --- [           main] org.hibernate.dialect.Dialect            : HHH000400: Using dialect: org.hibernate.dialect.MySQL55Dialect
2023-09-14 13:57:49.164  INFO 80012 --- [           main] o.h.e.t.j.p.i.JtaPlatformInitiator       : HHH000490: Using JtaPlatform implementation: [org.hibernate.engine.transaction.jta.platform.internal.NoJtaPlatform]
2023-09-14 13:57:49.172  INFO 80012 --- [           main] j.LocalContainerEntityManagerFactoryBean : Initialized JPA EntityManagerFactory for persistence unit 'default'
2023-09-14 13:57:49.558  WARN 80012 --- [           main] .s.s.UserDetailsServiceAutoConfiguration : 

Using generated security password: 17840337-acfa-4b93-98b6-b53b7e789c7f

This generated password is for development use only. Your security configuration must be updated before running your application in production.

2023-09-14 13:57:49.736  INFO 80012 --- [           main] o.s.s.web.DefaultSecurityFilterChain     : Will secure any request with [org.springframework.security.web.session.DisableEncodeUrlFilter@19540247, org.springframework.security.web.context.request.async.WebAsyncManagerIntegrationFilter@acb1c9c, org.springframework.security.web.context.SecurityContextPersistenceFilter@6baee63b, org.springframework.security.web.header.HeaderWriterFilter@76b019c4, org.springframework.security.web.authentication.logout.LogoutFilter@5d202dc4, org.springframework.security.web.authentication.www.BasicAuthenticationFilter@76208b80, org.springframework.security.web.savedrequest.RequestCacheAwareFilter@5008559a, org.springframework.security.web.servletapi.SecurityContextHolderAwareRequestFilter@276aa33f, org.springframework.security.web.authentication.AnonymousAuthenticationFilter@1c681761, org.springframework.security.web.session.SessionManagementFilter@ef220e4, org.springframework.security.web.access.ExceptionTranslationFilter@3a7dcfb7, org.springframework.security.web.access.intercept.AuthorizationFilter@22b10124]
2023-09-14 13:57:50.114  WARN 80012 --- [           main] JpaBaseConfiguration$JpaWebConfiguration : spring.jpa.open-in-view is enabled by default. Therefore, database queries may be performed during view rendering. Explicitly configure spring.jpa.open-in-view to disable this warning
2023-09-14 13:57:51.714  INFO 80012 --- [           main] o.s.b.t.m.w.SpringBootMockServletContext : Initializing Spring TestDispatcherServlet ''
2023-09-14 13:57:51.714  INFO 80012 --- [           main] o.s.t.web.servlet.TestDispatcherServlet  : Initializing Servlet ''
2023-09-14 13:57:51.715  INFO 80012 --- [           main] o.s.t.web.servlet.TestDispatcherServlet  : Completed initialization in 1 ms
2023-09-14 13:57:51.733  INFO 80012 --- [           main] c.e.springapp.SpringappApplicationTests  : Started SpringappApplicationTests in 6.126 seconds (JVM running for 7.63)
]]></system-out>
  </testcase>
  <testcase name="testGetThemeAll" classname="com.examly.springapp.SpringappApplicationTests" time="0.002">
    <error message="Request processing failed; nested exception is java.lang.IllegalStateException: Ambiguous handler methods mapped for &apos;/admin/theme&apos;: {public com.examly.springapp.model.GiftModel com.examly.springapp.controller.GiftController.getGift(java.lang.Integer), public com.examly.springapp.model.ThemeModel com.examly.springapp.controller.ThemeController.getTheme(java.lang.Integer)}" type="org.springframework.web.util.NestedServletException">org.springframework.web.util.NestedServletException: Request processing failed; nested exception is java.lang.IllegalStateException: Ambiguous handler methods mapped for '/admin/theme': {public com.examly.springapp.model.GiftModel com.examly.springapp.controller.GiftController.getGift(java.lang.Integer), public com.examly.springapp.model.ThemeModel com.examly.springapp.controller.ThemeController.getTheme(java.lang.Integer)}
	at com.examly.springapp.SpringappApplicationTests.testGetThemeAll(SpringappApplicationTests.java:53)
Caused by: java.lang.IllegalStateException: Ambiguous handler methods mapped for '/admin/theme': {public com.examly.springapp.model.GiftModel com.examly.springapp.controller.GiftController.getGift(java.lang.Integer), public com.examly.springapp.model.ThemeModel com.examly.springapp.controller.ThemeController.getTheme(java.lang.Integer)}
	at com.examly.springapp.SpringappApplicationTests.testGetThemeAll(SpringappApplicationTests.java:53)
</error>
  </testcase>
  <testcase name="testGetOrderAll" classname="com.examly.springapp.SpringappApplicationTests" time="0.004">
    <error message="Request processing failed; nested exception is java.lang.IllegalStateException: Ambiguous handler methods mapped for &apos;/admin/order&apos;: {public com.examly.springapp.model.GiftModel com.examly.springapp.controller.GiftController.getGift(java.lang.Integer), public com.examly.springapp.model.ThemeModel com.examly.springapp.controller.ThemeController.getTheme(java.lang.Integer)}" type="org.springframework.web.util.NestedServletException">org.springframework.web.util.NestedServletException: Request processing failed; nested exception is java.lang.IllegalStateException: Ambiguous handler methods mapped for '/admin/order': {public com.examly.springapp.model.GiftModel com.examly.springapp.controller.GiftController.getGift(java.lang.Integer), public com.examly.springapp.model.ThemeModel com.examly.springapp.controller.ThemeController.getTheme(java.lang.Integer)}
	at com.examly.springapp.SpringappApplicationTests.testGetOrderAll(SpringappApplicationTests.java:31)
Caused by: java.lang.IllegalStateException: Ambiguous handler methods mapped for '/admin/order': {public com.examly.springapp.model.GiftModel com.examly.springapp.controller.GiftController.getGift(java.lang.Integer), public com.examly.springapp.model.ThemeModel com.examly.springapp.controller.ThemeController.getTheme(java.lang.Integer)}
	at com.examly.springapp.SpringappApplicationTests.testGetOrderAll(SpringappApplicationTests.java:31)
</error>
  </testcase>
  <testcase name="testGetGiftAll" classname="com.examly.springapp.SpringappApplicationTests" time="0.004">
    <error message="Request processing failed; nested exception is java.lang.IllegalStateException: Ambiguous handler methods mapped for &apos;/admin/gift&apos;: {public com.examly.springapp.model.GiftModel com.examly.springapp.controller.GiftController.getGift(java.lang.Integer), public com.examly.springapp.model.ThemeModel com.examly.springapp.controller.ThemeController.getTheme(java.lang.Integer)}" type="org.springframework.web.util.NestedServletException">org.springframework.web.util.NestedServletException: Request processing failed; nested exception is java.lang.IllegalStateException: Ambiguous handler methods mapped for '/admin/gift': {public com.examly.springapp.model.GiftModel com.examly.springapp.controller.GiftController.getGift(java.lang.Integer), public com.examly.springapp.model.ThemeModel com.examly.springapp.controller.ThemeController.getTheme(java.lang.Integer)}
	at com.examly.springapp.SpringappApplicationTests.testGetGiftAll(SpringappApplicationTests.java:88)
Caused by: java.lang.IllegalStateException: Ambiguous handler methods mapped for '/admin/gift': {public com.examly.springapp.model.GiftModel com.examly.springapp.controller.GiftController.getGift(java.lang.Integer), public com.examly.springapp.model.ThemeModel com.examly.springapp.controller.ThemeController.getTheme(java.lang.Integer)}
	at com.examly.springapp.SpringappApplicationTests.testGetGiftAll(SpringappApplicationTests.java:88)
</error>
  </testcase>
  <testcase name="testGetOrderById" classname="com.examly.springapp.SpringappApplicationTests" time="0.003">
    <error message="Request processing failed; nested exception is java.lang.IllegalStateException: Ambiguous handler methods mapped for &apos;/admin/order&apos;: {public com.examly.springapp.model.GiftModel com.examly.springapp.controller.GiftController.getGift(java.lang.Integer), public com.examly.springapp.model.ThemeModel com.examly.springapp.controller.ThemeController.getTheme(java.lang.Integer)}" type="org.springframework.web.util.NestedServletException">org.springframework.web.util.NestedServletException: Request processing failed; nested exception is java.lang.IllegalStateException: Ambiguous handler methods mapped for '/admin/order': {public com.examly.springapp.model.GiftModel com.examly.springapp.controller.GiftController.getGift(java.lang.Integer), public com.examly.springapp.model.ThemeModel com.examly.springapp.controller.ThemeController.getTheme(java.lang.Integer)}
	at com.examly.springapp.SpringappApplicationTests.testGetOrderById(SpringappApplicationTests.java:42)
Caused by: java.lang.IllegalStateException: Ambiguous handler methods mapped for '/admin/order': {public com.examly.springapp.model.GiftModel com.examly.springapp.controller.GiftController.getGift(java.lang.Integer), public com.examly.springapp.model.ThemeModel com.examly.springapp.controller.ThemeController.getTheme(java.lang.Integer)}
	at com.examly.springapp.SpringappApplicationTests.testGetOrderById(SpringappApplicationTests.java:42)
</error>
  </testcase>
  <testcase name="testGetThemeById" classname="com.examly.springapp.SpringappApplicationTests" time="0.002">
    <error message="Request processing failed; nested exception is java.lang.IllegalStateException: Ambiguous handler methods mapped for &apos;/admin/theme&apos;: {public com.examly.springapp.model.GiftModel com.examly.springapp.controller.GiftController.getGift(java.lang.Integer), public com.examly.springapp.model.ThemeModel com.examly.springapp.controller.ThemeController.getTheme(java.lang.Integer)}" type="org.springframework.web.util.NestedServletException">org.springframework.web.util.NestedServletException: Request processing failed; nested exception is java.lang.IllegalStateException: Ambiguous handler methods mapped for '/admin/theme': {public com.examly.springapp.model.GiftModel com.examly.springapp.controller.GiftController.getGift(java.lang.Integer), public com.examly.springapp.model.ThemeModel com.examly.springapp.controller.ThemeController.getTheme(java.lang.Integer)}
	at com.examly.springapp.SpringappApplicationTests.testGetThemeById(SpringappApplicationTests.java:65)
Caused by: java.lang.IllegalStateException: Ambiguous handler methods mapped for '/admin/theme': {public com.examly.springapp.model.GiftModel com.examly.springapp.controller.GiftController.getGift(java.lang.Integer), public com.examly.springapp.model.ThemeModel com.examly.springapp.controller.ThemeController.getTheme(java.lang.Integer)}
	at com.examly.springapp.SpringappApplicationTests.testGetThemeById(SpringappApplicationTests.java:65)
</error>
  </testcase>
  <testcase name="test_case1" classname="com.examly.springapp.SpringappApplicationTests" time="0.048"/>
  <testcase name="test_case2" classname="com.examly.springapp.SpringappApplicationTests" time="0.002">
    <failure type="java.lang.AssertionError">java.lang.AssertionError
	at com.examly.springapp.SpringappApplicationTests.test_case2(SpringappApplicationTests.java:108)
</failure>
  </testcase>
  <testcase name="test_case3" classname="com.examly.springapp.SpringappApplicationTests" time="0.002"/>
  <testcase name="test_case4" classname="com.examly.springapp.SpringappApplicationTests" time="0.002">
    <failure type="java.lang.AssertionError">java.lang.AssertionError
	at com.examly.springapp.SpringappApplicationTests.test_case4(SpringappApplicationTests.java:124)
</failure>
  </testcase>
</testsuite>